<?xml version="1.0" encoding="UTF-8"?>
<!-- Generated by org.testng.reporters.JUnitReportReporter -->
<testsuite hostname="ASDB0010" name="com.qainfotech.runtest.AutomatedTatocTestngRun" tests="1" failures="0" timestamp="3 Jun 2014 03:11:07 GMT" time="2.987" errors="0">
  <testcase name="tetscase1" time="2.987" classname="com.qainfotech.runtest.AutomatedTatocTestngRun"/>
</testsuite> <!-- com.qainfotech.runtest.AutomatedTatocTestngRun -->
